#
# There is insufficient memory for the Java Runtime Environment to continue.
# Native memory allocation (malloc) failed to allocate 1048576 bytes for AllocateHeap
# Possible reasons:
#   The system is out of physical RAM or swap space
#   The process is running with CompressedOops enabled, and the Java Heap may be blocking the growth of the native heap
# Possible solutions:
#   Reduce memory load on the system
#   Increase physical memory or swap space
#   Check if swap backing store is full
#   Decrease Java heap size (-Xmx/-Xms)
#   Decrease number of Java threads
#   Decrease Java thread stack sizes (-Xss)
#   Set larger code cache with -XX:ReservedCodeCacheSize=
#   JVM is running with Unscaled Compressed Oops mode in which the Java heap is
#     placed in the first 4GB address space. The Java Heap base address is the
#     maximum limit for the native heap growth. Please use -XX:HeapBaseMinAddress
#     to set the Java Heap base and to place the Java Heap above 4GB virtual address.
# This output file may be truncated or incomplete.
#
#  Out of Memory Error (memory/allocation.inline.hpp:61), pid=12664, tid=0x0000000000001e34
#
# JRE version:  (8.0_202-b08) (build )
# Java VM: Java HotSpot(TM) 64-Bit Server VM (25.202-b08 mixed mode windows-amd64 compressed oops)
# Failed to write core dump. Minidumps are not enabled by default on client versions of Windows
#

---------------  T H R E A D  ---------------

Current thread (0x0000000002dfd800):  JavaThread "Unknown thread" [_thread_in_vm, id=7732, stack(0x0000000002c50000,0x0000000002d50000)]

Stack: [0x0000000002c50000,0x0000000002d50000]
[error occurred during error reporting (printing stack bounds), id 0xc0000005]

Native frames: (J=compiled Java code, j=interpreted, Vv=VM code, C=native code)


---------------  P R O C E S S  ---------------

Java Threads: ( => current thread )

Other Threads:

=>0x0000000002dfd800 (exited) JavaThread "Unknown thread" [_thread_in_vm, id=7732, stack(0x0000000002c50000,0x0000000002d50000)]

VM state:not at safepoint (normal execution)

VM Mutex/Monitor currently owned by a thread: None

heap address: 0x0000000085000000, size: 1968 MB, Compressed Oops mode: 32-bit
Narrow klass base: 0x0000000000000000, Narrow klass shift: 3
Compressed class space size: 1073741824 Address: 0x0000000100000000

Heap:
 PSYoungGen      total 36864K, used 634K [0x00000000d7000000, 0x00000000d9900000, 0x0000000100000000)
  eden space 31744K, 2% used [0x00000000d7000000,0x00000000d709eb90,0x00000000d8f00000)
  from space 5120K, 0% used [0x00000000d9400000,0x00000000d9400000,0x00000000d9900000)
  to   space 5120K, 0% used [0x00000000d8f00000,0x00000000d8f00000,0x00000000d9400000)
 ParOldGen       total 84992K, used 0K [0x0000000085000000, 0x000000008a300000, 0x00000000d7000000)
  object space 84992K, 0% used [0x0000000085000000,0x0000000085000000,0x000000008a300000)
 Metaspace       used 775K, capacity 4480K, committed 4480K, reserved 1056768K
  class space    used 76K, capacity 384K, committed 384K, reserved 1048576K

Card table byte_map: [0x0000000012610000,0x00000000129f0000] byte_map_base: 0x00000000121e8000

Marking Bits: (ParMarkBitMap*) 0x00000000763a5ce0
 Begin Bits: [0x0000000013080000, 0x0000000014f40000)
 End Bits:   [0x0000000014f40000, 0x0000000016e00000)

Polling page: 0x0000000000fd0000

CodeCache: size=245760Kb used=328Kb max_used=328Kb free=245431Kb
 bounds [0x0000000003250000, 0x00000000034c0000, 0x0000000012250000]
 total_blobs=58 nmethods=0 adapters=38
 compilation: enabled

Compilation events (0 events):
No events

GC Heap History (0 events):
No events

Deoptimization events (0 events):
No events

Classes redefined (0 events):
No events

Internal exceptions (0 events):
No events

Events (10 events):
Event: 0.080 loading class java/lang/Short
Event: 0.080 loading class java/lang/Short done
Event: 0.080 loading class java/lang/Integer
Event: 0.080 loading class java/lang/Integer done
Event: 0.080 loading class java/lang/Long
Event: 0.080 loading class java/lang/Long done
Event: 0.084 loading class java/lang/NullPointerException
Event: 0.084 loading class java/lang/NullPointerException done
Event: 0.084 loading class java/lang/ArithmeticException
Event: 0.085 loading class java/lang/ArithmeticException done


Dynamic libraries:
0x00007ff720350000 - 0x00007ff720387000 	C:\pleiades\java\8\bin\javaw.exe
0x00007ffe50c10000 - 0x00007ffe50dfd000 	C:\Windows\SYSTEM32\ntdll.dll
0x00007ffe4ff10000 - 0x00007ffe4ffc3000 	C:\Windows\System32\KERNEL32.DLL
0x00007ffe4d190000 - 0x00007ffe4d423000 	C:\Windows\System32\KERNELBASE.dll
0x00007ffe508a0000 - 0x00007ffe50943000 	C:\Windows\System32\ADVAPI32.dll
0x00007ffe4fbf0000 - 0x00007ffe4fc8e000 	C:\Windows\System32\msvcrt.dll
0x00007ffe50160000 - 0x00007ffe501fe000 	C:\Windows\System32\sechost.dll
0x00007ffe4f820000 - 0x00007ffe4f942000 	C:\Windows\System32\RPCRT4.dll
0x00007ffe4fd40000 - 0x00007ffe4fed7000 	C:\Windows\System32\USER32.dll
0x00007ffe4de10000 - 0x00007ffe4de30000 	C:\Windows\System32\win32u.dll
0x00007ffe4fee0000 - 0x00007ffe4ff09000 	C:\Windows\System32\GDI32.dll
0x00007ffe4dc20000 - 0x00007ffe4ddb9000 	C:\Windows\System32\gdi32full.dll
0x00007ffe4db80000 - 0x00007ffe4dc20000 	C:\Windows\System32\msvcp_win.dll
0x00007ffe4cd30000 - 0x00007ffe4ce2a000 	C:\Windows\System32\ucrtbase.dll
0x00007ffe43690000 - 0x00007ffe43909000 	C:\Windows\WinSxS\amd64_microsoft.windows.common-controls_6595b64144ccf1df_6.0.17763.1039_none_de701650534c7021\COMCTL32.dll
0x00007ffe4f4e0000 - 0x00007ffe4f80c000 	C:\Windows\System32\combase.dll
0x00007ffe4d110000 - 0x00007ffe4d18e000 	C:\Windows\System32\bcryptPrimitives.dll
0x00007ffe4ffe0000 - 0x00007ffe5000e000 	C:\Windows\System32\IMM32.DLL
0x0000000076750000 - 0x0000000076822000 	C:\pleiades\java\8\jre\bin\msvcr100.dll
0x0000000075b80000 - 0x0000000076425000 	C:\pleiades\java\8\jre\bin\server\jvm.dll
0x00007ffe4f810000 - 0x00007ffe4f818000 	C:\Windows\System32\PSAPI.DLL
0x00007ffe45df0000 - 0x00007ffe45e14000 	C:\Windows\SYSTEM32\WINMM.dll
0x00007ffe0b8f0000 - 0x00007ffe0b8f9000 	C:\Windows\SYSTEM32\WSOCK32.dll
0x00007ffe4b790000 - 0x00007ffe4b79a000 	C:\Windows\SYSTEM32\VERSION.dll
0x00007ffe50010000 - 0x00007ffe5007d000 	C:\Windows\System32\WS2_32.dll
0x00007ffe45270000 - 0x00007ffe4529d000 	C:\Windows\SYSTEM32\winmmbase.dll
0x00007ffe4ddc0000 - 0x00007ffe4de0a000 	C:\Windows\System32\cfgmgr32.dll
0x00007ffe4b6c0000 - 0x00007ffe4b6cf000 	C:\pleiades\java\8\jre\bin\verify.dll
0x00007ffe40550000 - 0x00007ffe40579000 	C:\pleiades\java\8\jre\bin\java.dll
0x00007ffe41b90000 - 0x00007ffe41ba6000 	C:\pleiades\java\8\jre\bin\zip.dll

VM Arguments:
jvm_args: -Dfile.encoding=UTF-8 
java_command: getInfo.GetInfo
java_class_path (initial): C:\Users\YOO\Desktop\20200115\jsoup2\bin;C:\Users\YOO\Desktop\20200115\jsoup\jsoup-1.12.2.jar
Launcher Type: SUN_STANDARD

Environment Variables:
CLASSPATH=C:\Program Files (x86)\MySQL\Connector Java 8.0.19\mysql-connector-java-8.0.19.jar
PATH=C:/pleiades/eclipse//jre/bin/server;C:/pleiades/eclipse//jre/bin;C:\Program Files (x86)\Windows Resource Kits\Tools\;C:\Windows\system32;C:\Windows;C:\Windows\System32\Wbem;C:\Windows\System32\WindowsPowerShell\v1.0\;C:\Windows\System32\OpenSSH\;C:\pleiades\java\8\bin;C:\Program Files\dotnet\;C:\Program Files\Microsoft SQL Server\130\Tools\Binn\;C:\Program Files\Microsoft SQL Server\Client SDK\ODBC\170\Tools\Binn\;C:\Program Files\MySQL\MySQL Shell 8.0\bin\;C:\Users\yoo\AppData\Local\Microsoft\WindowsApps;;C:\pleiades\eclipse;
USERNAME=y.chinana
OS=Windows_NT
PROCESSOR_IDENTIFIER=Intel64 Family 6 Model 58 Stepping 9, GenuineIntel



---------------  S Y S T E M  ---------------

OS: Windows 10.0 , 64 bit Build 17763 (10.0.17763.475)

CPU:total 4 (initial active 4) (2 cores per cpu, 2 threads per core) family 6 model 58 stepping 9, cmov, cx8, fxsr, mmx, sse, sse2, sse3, ssse3, sse4.1, sse4.2, popcnt, avx, aes, clmul, erms, ht, tsc, tscinvbit, tscinv

Memory: 4k page, physical 8054396k(578292k free), swap 8054396k(5640k free)

vm_info: Java HotSpot(TM) 64-Bit Server VM (25.202-b08) for windows-amd64 JRE (1.8.0_202-b08), built on Dec 15 2018 19:54:30 by "java_re" with MS VC++ 10.0 (VS2010)

time: Thu Feb 13 17:02:22 2020
timezone: ìåãû (ïWèÄéû)
elapsed time: 0 seconds (0d 0h 0m 0s)

